
**** Build of configuration Debug for project Webchat ****

Nothing to build for project Webchat
16:10:20 **** Incremental Build of configuration Debug for project Webchat ****
make all 
Building file: ../webchat.c
Invoking: Cross GCC Compiler
gcc -O0 -g3 -Wall -c -fmessage-length=0 -MMD -MP -MF"webchat.d" -MT"webchat.d" -o "webchat.o" "../webchat.c"
../webchat.c:8:21: fatal error: webchat.h: No such file or directory
 #include "webchat.h"
                     ^
compilation terminated.
make: *** [webchat.o] Error 1
16:12:36 **** Incremental Build of configuration Debug for project Webchat ****
make all 
Building file: ../webchat.c
Invoking: Cross GCC Compiler
gcc -O0 -g3 -Wall -c -fmessage-length=0 -MMD -MP -MF"webchat.d" -MT"webchat.d" -o "webchat.o" "../webchat.c"
../webchat.c:14:6: warning: return type of ‘main’ is not ‘int’ [-Wmain]
 void main(int argc, char *argv[]){
      ^
../webchat.c: In function ‘main’:
../webchat.c:58:9: warning: implicit declaration of function ‘write’ [-Wimplicit-function-declaration]
         write(connfd, Buffer, strlen(Buffer));
         ^
../webchat.c:60:9: warning: implicit declaration of function ‘close’ [-Wimplicit-function-declaration]
         close(connfd);
         ^
../webchat.c:61:9: warning: implicit declaration of function ‘sleep’ [-Wimplicit-function-declaration]
         sleep(1);
         ^
../webchat.c:24:21: warning: unused variable ‘h’ [-Wunused-variable]
     struct hostent *h; //what does this do?
                     ^
../webchat.c:23:24: warning: unused variable ‘local_addr’ [-Wunused-variable]
     struct sockaddr_in local_addr, serv_addr;
Finished building: ../webchat.c
                        ^
../webchat.c:19:9: warning: unused variable ‘port’ [-Wunused-variable]
 
     int port = 233; //
Building target: Webchat
Invoking: Cross GCC Linker
gcc  -o "Webchat"  ./webchat.o   
         ^
../webchat.c:16:23: warning: unused variable ‘client’ [-Wunused-variable]
     struct QueueList *client =  (struct QueueList*)malloc(sizeof(struct QueueList));
                       ^
../webchat.c: At top level:
../webchat.c:99:5: warning: "/*" within comment [-Wcomment]
     /*printf("Print 2nd time \n");
 ^
../webchat.c: In function ‘main’:
../webchat.c:32:8: warning: ‘sockfd’ is used uninitialized in this function [-Wuninitialized]
     if (sockfd < 0 ){
        ^
Finished building target: Webchat
 
16:13:13 **** Incremental Build of configuration Debug for project Webchat ****
make all 
Building file: ../Model.c
Invoking: Cross GCC Compiler
gcc -O0 -g3 -Wall -c -fmessage-length=0 -MMD -MP -MF"Model.d" -MT"Model.d" -o "Model.o" "../Model.c"
../Model.c: In function ‘EnQueue’:
../Model.c:48:16: warning: unused variable ‘start’ [-Wunused-variable]
   struct Node *start = Queue->start;
                ^
Finished building: ../Model.c
 
Building target: Webchat
Invoking: Cross GCC Linker
gcc  -o "Webchat"  ./Model.o ./webchat.o   
Finished building target: Webchat
 
